
xv6 kernel is booting

hart 2 starting
hart 1 starting
init: starting sh
$ usertests
usertests starting
test MAXVAplus: OK
test manywrites: OK
test execout: OK
test copyin: OK
test copyout: OK
test copyinstr1: OK
test copyinstr2: OK
test copyinstr3: OK
test rwsbrk: OK
test truncate1: OK
test truncate2: OK
test truncate3: OK
test reparent2: OK
test pgbug: OK
test sbrkbugs: usertrap(): unexpected scause 0x000000000000000c pid=3267
            sepc=0x0000000000005962 stval=0x0000000000005962
usertrap(): unexpected scause 0x000000000000000c pid=3268
            sepc=0x0000000000005962 stval=0x0000000000005962
OK
test badarg: OK
test reparent: OK
test twochildren: OK
test forkfork: OK
test forkforkfork: OK
test argptest: OK
test createdelete: OK
test linkunlink: OK
test linktest: usertrap(): unexpected scause 0x0000000000000002 pid=6145
            sepc=0x0000000000000d14 stval=0x0000000000000000
FAILED
test unlinkread: usertrap(): unexpected scause 0x0000000000000002 pid=6146
            sepc=0x0000000000000b5e stval=0x0000000000000000
FAILED
test concreate: OK
test subdir: OK
test fourfiles: OK
test sharedfd: OK
test dirtest: OK
test exectest: FAILED
test bigargtest: OK
test bigwrite: usertrap(): unexpected scause 0x0000000000000002 pid=6241
            sepc=0x0000000000001000 stval=0x0000000000000000
FAILED
test bsstest: usertrap(): unexpected scause 0x0000000000000002 pid=6242
            sepc=0x0000000000001000 stval=0x0000000000000000
FAILED
test sbrkbasic: OK
test sbrkmuch: sbrkmuch: sbrk test failed to grow big address space; enough phys mem?
FAILED
test kernmem: usertrap(): unexpected scause 0x000000000000000d pid=6248
            sepc=0x0000000000002198 stval=0x0000000080000000
usertrap(): unexpected scause 0x000000000000000d pid=6249
            sepc=0x0000000000002198 stval=0x000000008000c350
usertrap(): unexpected scause 0x000000000000000d pid=6250
            sepc=0x0000000000002198 stval=0x00000000800186a0
FAILED
test sbrkfail: sbrkfail: failed sbrk leaked memory
FAILED
test sbrkarg: OK
test sbrklast: OK
test sbrk8000: OK
test validatetest: OK
test stacktest: usertrap(): unexpected scause 0x000000000000000d pid=6267
            sepc=0x00000000000023b6 stval=0x0000000000011b50
OK
test opentest: usertrap(): unexpected scause 0x0000000000000002 pid=6268
            sepc=0x0000000000001000 stval=0x0000000000000000
FAILED
test writetest: usertrap(): unexpected scause 0x0000000000000002 pid=6269
            sepc=0x0000000000001000 stval=0x0000000000000000
FAILED
test writebig: usertrap(): unexpected scause 0x0000000000000002 pid=6270
            sepc=0x0000000000001000 stval=0x0000000000000000
FAILED
test createtest: usertrap(): unexpected scause 0x0000000000000002 pid=6271
            sepc=0x0000000000001000 stval=0x0000000000000000
FAILED
test openiput: OK
test exitiput: OK
test iput: OK
test mem: OK
test pipe1: (null): pipe1 oops 3 total 1
FAILED
test killstatus: killstatus: status should be -1
FAILED
test preempt: preempt: fork failed
FAILED
test exitwait: exitwait: fork failed
FAILED
test rmdot: OK
test fourteen: OK
test bigfile: OK
test dirfile: OK
test iref: OK
test forktest: forktest: no fork at all!
FAILED
test bigdir: usertrap(): unexpected scause 0x0000000000000002 pid=6295
            sepc=0x0000000000000f60 stval=0x0000000000000000
FAILED
SOME TESTS FAILED
$ qemu-system-riscv64: terminating on signal 15 from pid 154836 (make)
